<?xml version="1.0" encoding="UTF-8"?>
<!-- Generated by org.testng.reporters.JUnitXMLReporter -->
<testsuite hostname="admin-PC" ignored="0" name="Test" tests="1" failures="0" timestamp="05 Sep 2018 15:33:37 GMT" time="0.131" errors="0">
  <testcase name="@BeforeMethod before" time="0.0" classname="library.BaseTest">
    <failure type="org.testng.TestNGException" message="
Parameter &amp;apos;myBrowser&amp;apos; is required by BeforeMethod on method before but has not been marked @Optional or defined
in C:\Users\admin\eclipse-workspace\DemoTestMav\testng.xml">
      <![CDATA[org.testng.TestNGException: 
Parameter 'myBrowser' is required by BeforeMethod on method before but has not been marked @Optional or defined
in C:\Users\admin\eclipse-workspace\DemoTestMav\testng.xml
... Removed 25 stack frames]]>
    </failure>
  </testcase> <!-- @BeforeMethod before -->
  <testcase name="@AfterMethod close" time="0.0" classname="library.BaseTest">
    <skipped/>
  </testcase> <!-- @AfterMethod close -->
  <testcase name="facebookTest" time="0.0" classname="test.TestFb">
    <skipped/>
  </testcase> <!-- facebookTest -->
</testsuite> <!-- Test -->
